
════════════════════════════════════════════════════════════
  GDN 调试日志 - Debug Log
  开始时间: 2026-01-04 14:49:18
  日志文件: logs\msl_20260104_144918.log
════════════════════════════════════════════════════════════


════════════════════════════════════════════════════════════
📊 [数据加载]
════════════════════════════════════════════════════════════
数据集: msl
原始训练数据: 1565 行 × 27 列
原始测试数据: 2049 行 × 28 列
特征数量: 27 个传感器
特征列表: ['M-6', 'M-1', 'M-2', 'S-2', 'P-10']...
计算设备: cuda
图结构边索引 (fc_edge_index): shape=[2, 702], dtype=int64, device=cpu
边数量: 702
测试集异常样本: 1600.0/2049 (78.1%)

  🔄 滑窗处理
滑动窗口: 15 时间步
滑动步长: 5
训练集样本数: 310
测试集样本数: 2034
单样本x (历史窗口): shape=[27, 15], dtype=float64, device=cpu
单样本y (预测目标): shape=[27], dtype=float64, device=cpu

  📦 数据加载器
批次大小: 32
训练批次数: 9
验证批次数: 1
测试批次数: 64

════════════════════════════════════════════════════════════
🏗️ [模型初始化]
════════════════════════════════════════════════════════════
节点数量: 27
嵌入维度: 64
输入窗口长度: 15
Top-K邻居数: 20
输出层数: 1
输出层中间维度: 256

  📌 模型参数统计
总参数量: 3,329
可训练参数: 3,329
不可训练参数: 0

════════════════════════════════════════════════════════════
🎯 [训练阶段]
════════════════════════════════════════════════════════════

  ⚙️ 优化器配置
优化器: Adam
学习率: 0.001
权重衰减: 0
总Epoch数: 2
早停窗口: 15
每Epoch批次数: 9

════════════════════════════════════════════════════════════
🔄 [Epoch 1/2]
════════════════════════════════════════════════════════════
